0 info it worked if it ends with ok
1 verbose cli [ 'C:\\Program Files\\nodejs\\node.exe',
1 verbose cli   'C:\\Program Files\\nodejs\\node_modules\\npm\\bin\\npm-cli.js',
1 verbose cli   'install',
1 verbose cli   'karma',
1 verbose cli   'karma-phantomjs-launcher',
1 verbose cli   'karma-jasmine',
1 verbose cli   'jasmine-core',
1 verbose cli   'phantomjs-prebuilt',
1 verbose cli   '--save-dev' ]
2 info using npm@3.10.10
3 info using node@v6.10.2
4 silly loadCurrentTree Starting
5 silly install loadCurrentTree
6 silly install readLocalPackageData
7 silly fetchPackageMetaData karma
8 silly fetchPackageMetaData karma-phantomjs-launcher
9 silly fetchPackageMetaData karma-jasmine
10 silly fetchPackageMetaData jasmine-core
11 silly fetchPackageMetaData phantomjs-prebuilt
12 silly fetchNamedPackageData karma
13 silly mapToRegistry name karma
14 silly mapToRegistry using default registry
15 silly mapToRegistry registry https://registry.npmjs.org/
16 silly mapToRegistry data Result {
16 silly mapToRegistry   raw: 'karma',
16 silly mapToRegistry   scope: null,
16 silly mapToRegistry   escapedName: 'karma',
16 silly mapToRegistry   name: 'karma',
16 silly mapToRegistry   rawSpec: '',
16 silly mapToRegistry   spec: 'latest',
16 silly mapToRegistry   type: 'tag' }
17 silly mapToRegistry uri https://registry.npmjs.org/karma
18 silly fetchNamedPackageData karma-phantomjs-launcher
19 silly mapToRegistry name karma-phantomjs-launcher
20 silly mapToRegistry using default registry
21 silly mapToRegistry registry https://registry.npmjs.org/
22 silly mapToRegistry data Result {
22 silly mapToRegistry   raw: 'karma-phantomjs-launcher',
22 silly mapToRegistry   scope: null,
22 silly mapToRegistry   escapedName: 'karma-phantomjs-launcher',
22 silly mapToRegistry   name: 'karma-phantomjs-launcher',
22 silly mapToRegistry   rawSpec: '',
22 silly mapToRegistry   spec: 'latest',
22 silly mapToRegistry   type: 'tag' }
23 silly mapToRegistry uri https://registry.npmjs.org/karma-phantomjs-launcher
24 silly fetchNamedPackageData karma-jasmine
25 silly mapToRegistry name karma-jasmine
26 silly mapToRegistry using default registry
27 silly mapToRegistry registry https://registry.npmjs.org/
28 silly mapToRegistry data Result {
28 silly mapToRegistry   raw: 'karma-jasmine',
28 silly mapToRegistry   scope: null,
28 silly mapToRegistry   escapedName: 'karma-jasmine',
28 silly mapToRegistry   name: 'karma-jasmine',
28 silly mapToRegistry   rawSpec: '',
28 silly mapToRegistry   spec: 'latest',
28 silly mapToRegistry   type: 'tag' }
29 silly mapToRegistry uri https://registry.npmjs.org/karma-jasmine
30 silly fetchNamedPackageData jasmine-core
31 silly mapToRegistry name jasmine-core
32 silly mapToRegistry using default registry
33 silly mapToRegistry registry https://registry.npmjs.org/
34 silly mapToRegistry data Result {
34 silly mapToRegistry   raw: 'jasmine-core',
34 silly mapToRegistry   scope: null,
34 silly mapToRegistry   escapedName: 'jasmine-core',
34 silly mapToRegistry   name: 'jasmine-core',
34 silly mapToRegistry   rawSpec: '',
34 silly mapToRegistry   spec: 'latest',
34 silly mapToRegistry   type: 'tag' }
35 silly mapToRegistry uri https://registry.npmjs.org/jasmine-core
36 silly fetchNamedPackageData phantomjs-prebuilt
37 silly mapToRegistry name phantomjs-prebuilt
38 silly mapToRegistry using default registry
39 silly mapToRegistry registry https://registry.npmjs.org/
40 silly mapToRegistry data Result {
40 silly mapToRegistry   raw: 'phantomjs-prebuilt',
40 silly mapToRegistry   scope: null,
40 silly mapToRegistry   escapedName: 'phantomjs-prebuilt',
40 silly mapToRegistry   name: 'phantomjs-prebuilt',
40 silly mapToRegistry   rawSpec: '',
40 silly mapToRegistry   spec: 'latest',
40 silly mapToRegistry   type: 'tag' }
41 silly mapToRegistry uri https://registry.npmjs.org/phantomjs-prebuilt
42 verbose request uri https://registry.npmjs.org/karma-jasmine
43 verbose request no auth needed
44 info attempt registry request try #1 at 7:33:51 PM
45 verbose request id e0d9c84b1ebe0fcc
46 verbose etag W/"58590779-d2bc"
47 verbose lastModified Tue, 20 Dec 2016 10:27:05 GMT
48 http request GET https://registry.npmjs.org/karma-jasmine
49 verbose request uri https://registry.npmjs.org/jasmine-core
50 verbose request no auth needed
51 info attempt registry request try #1 at 7:33:51 PM
52 verbose etag W/"590111d4-753c"
53 verbose lastModified Wed, 26 Apr 2017 21:32:04 GMT
54 http request GET https://registry.npmjs.org/jasmine-core
55 verbose request uri https://registry.npmjs.org/karma
56 verbose request no auth needed
57 info attempt registry request try #1 at 7:33:51 PM
58 verbose etag W/"5901962c-15b8f7"
59 verbose lastModified Thu, 27 Apr 2017 06:56:44 GMT
60 http request GET https://registry.npmjs.org/karma
61 verbose request uri https://registry.npmjs.org/phantomjs-prebuilt
62 verbose request no auth needed
63 info attempt registry request try #1 at 7:33:51 PM
64 verbose etag W/"58fcaebe-9abb"
65 verbose lastModified Sun, 23 Apr 2017 13:40:14 GMT
66 http request GET https://registry.npmjs.org/phantomjs-prebuilt
67 verbose request uri https://registry.npmjs.org/karma-phantomjs-launcher
68 verbose request no auth needed
69 info attempt registry request try #1 at 7:33:51 PM
70 verbose etag W/"58f8871c-ac1b"
71 verbose lastModified Thu, 20 Apr 2017 10:02:04 GMT
72 http request GET https://registry.npmjs.org/karma-phantomjs-launcher
73 http 304 https://registry.npmjs.org/phantomjs-prebuilt
74 verbose headers { date: 'Tue, 02 May 2017 23:33:48 GMT',
74 verbose headers   via: '1.1 varnish',
74 verbose headers   'cache-control': 'max-age=300',
74 verbose headers   etag: 'W/"58fcaebe-9abb"',
74 verbose headers   age: '27',
74 verbose headers   connection: 'keep-alive',
74 verbose headers   'x-served-by': 'cache-jfk8136-JFK',
74 verbose headers   'x-cache': 'HIT',
74 verbose headers   'x-cache-hits': '1',
74 verbose headers   'x-timer': 'S1493768029.970914,VS0,VE1',
74 verbose headers   vary: 'Accept-Encoding' }
75 silly get cb [ 304,
75 silly get   { date: 'Tue, 02 May 2017 23:33:48 GMT',
75 silly get     via: '1.1 varnish',
75 silly get     'cache-control': 'max-age=300',
75 silly get     etag: 'W/"58fcaebe-9abb"',
75 silly get     age: '27',
75 silly get     connection: 'keep-alive',
75 silly get     'x-served-by': 'cache-jfk8136-JFK',
75 silly get     'x-cache': 'HIT',
75 silly get     'x-cache-hits': '1',
75 silly get     'x-timer': 'S1493768029.970914,VS0,VE1',
75 silly get     vary: 'Accept-Encoding' } ]
76 verbose etag https://registry.npmjs.org/phantomjs-prebuilt from cache
77 verbose get saving phantomjs-prebuilt to C:\Users\Ryan\AppData\Roaming\npm-cache\registry.npmjs.org\phantomjs-prebuilt\.cache.json
78 verbose correctMkdir C:\Users\Ryan\AppData\Roaming\npm-cache correctMkdir not in flight; initializing
79 http 304 https://registry.npmjs.org/karma-jasmine
80 verbose headers { date: 'Tue, 02 May 2017 23:33:48 GMT',
80 verbose headers   via: '1.1 varnish',
80 verbose headers   'cache-control': 'max-age=300',
80 verbose headers   etag: 'W/"58590779-d2bc"',
80 verbose headers   age: '54',
80 verbose headers   connection: 'keep-alive',
80 verbose headers   'x-served-by': 'cache-jfk8144-JFK',
80 verbose headers   'x-cache': 'HIT',
80 verbose headers   'x-cache-hits': '1',
80 verbose headers   'x-timer': 'S1493768029.970985,VS0,VE0',
80 verbose headers   vary: 'Accept-Encoding' }
81 silly get cb [ 304,
81 silly get   { date: 'Tue, 02 May 2017 23:33:48 GMT',
81 silly get     via: '1.1 varnish',
81 silly get     'cache-control': 'max-age=300',
81 silly get     etag: 'W/"58590779-d2bc"',
81 silly get     age: '54',
81 silly get     connection: 'keep-alive',
81 silly get     'x-served-by': 'cache-jfk8144-JFK',
81 silly get     'x-cache': 'HIT',
81 silly get     'x-cache-hits': '1',
81 silly get     'x-timer': 'S1493768029.970985,VS0,VE0',
81 silly get     vary: 'Accept-Encoding' } ]
82 verbose etag https://registry.npmjs.org/karma-jasmine from cache
83 verbose get saving karma-jasmine to C:\Users\Ryan\AppData\Roaming\npm-cache\registry.npmjs.org\karma-jasmine\.cache.json
84 verbose correctMkdir C:\Users\Ryan\AppData\Roaming\npm-cache correctMkdir already in flight; waiting
85 http 304 https://registry.npmjs.org/karma
86 verbose headers { date: 'Tue, 02 May 2017 23:33:48 GMT',
86 verbose headers   via: '1.1 varnish',
86 verbose headers   'cache-control': 'max-age=300',
86 verbose headers   etag: 'W/"5901962c-15b8f7"',
86 verbose headers   age: '234',
86 verbose headers   connection: 'keep-alive',
86 verbose headers   'x-served-by': 'cache-jfk8151-JFK',
86 verbose headers   'x-cache': 'HIT',
86 verbose headers   'x-cache-hits': '3',
86 verbose headers   'x-timer': 'S1493768029.970960,VS0,VE0',
86 verbose headers   vary: 'Accept-Encoding' }
87 silly get cb [ 304,
87 silly get   { date: 'Tue, 02 May 2017 23:33:48 GMT',
87 silly get     via: '1.1 varnish',
87 silly get     'cache-control': 'max-age=300',
87 silly get     etag: 'W/"5901962c-15b8f7"',
87 silly get     age: '234',
87 silly get     connection: 'keep-alive',
87 silly get     'x-served-by': 'cache-jfk8151-JFK',
87 silly get     'x-cache': 'HIT',
87 silly get     'x-cache-hits': '3',
87 silly get     'x-timer': 'S1493768029.970960,VS0,VE0',
87 silly get     vary: 'Accept-Encoding' } ]
88 verbose etag https://registry.npmjs.org/karma from cache
89 verbose get saving karma to C:\Users\Ryan\AppData\Roaming\npm-cache\registry.npmjs.org\karma\.cache.json
90 verbose correctMkdir C:\Users\Ryan\AppData\Roaming\npm-cache correctMkdir already in flight; waiting
91 http 304 https://registry.npmjs.org/jasmine-core
92 verbose headers { date: 'Tue, 02 May 2017 23:33:48 GMT',
92 verbose headers   via: '1.1 varnish',
92 verbose headers   'cache-control': 'max-age=300',
92 verbose headers   etag: 'W/"590111d4-753c"',
92 verbose headers   age: '15',
92 verbose headers   connection: 'keep-alive',
92 verbose headers   'x-served-by': 'cache-jfk8143-JFK',
92 verbose headers   'x-cache': 'HIT',
92 verbose headers   'x-cache-hits': '1',
92 verbose headers   'x-timer': 'S1493768029.971469,VS0,VE0',
92 verbose headers   vary: 'Accept-Encoding' }
93 silly get cb [ 304,
93 silly get   { date: 'Tue, 02 May 2017 23:33:48 GMT',
93 silly get     via: '1.1 varnish',
93 silly get     'cache-control': 'max-age=300',
93 silly get     etag: 'W/"590111d4-753c"',
93 silly get     age: '15',
93 silly get     connection: 'keep-alive',
93 silly get     'x-served-by': 'cache-jfk8143-JFK',
93 silly get     'x-cache': 'HIT',
93 silly get     'x-cache-hits': '1',
93 silly get     'x-timer': 'S1493768029.971469,VS0,VE0',
93 silly get     vary: 'Accept-Encoding' } ]
94 verbose etag https://registry.npmjs.org/jasmine-core from cache
95 verbose get saving jasmine-core to C:\Users\Ryan\AppData\Roaming\npm-cache\registry.npmjs.org\jasmine-core\.cache.json
96 verbose correctMkdir C:\Users\Ryan\AppData\Roaming\npm-cache correctMkdir already in flight; waiting
97 http 304 https://registry.npmjs.org/karma-phantomjs-launcher
98 verbose headers { date: 'Tue, 02 May 2017 23:33:48 GMT',
98 verbose headers   via: '1.1 varnish',
98 verbose headers   'cache-control': 'max-age=300',
98 verbose headers   etag: 'W/"58f8871c-ac1b"',
98 verbose headers   age: '68',
98 verbose headers   connection: 'keep-alive',
98 verbose headers   'x-served-by': 'cache-jfk8122-JFK',
98 verbose headers   'x-cache': 'HIT',
98 verbose headers   'x-cache-hits': '1',
98 verbose headers   'x-timer': 'S1493768029.984117,VS0,VE0',
98 verbose headers   vary: 'Accept-Encoding' }
99 silly get cb [ 304,
99 silly get   { date: 'Tue, 02 May 2017 23:33:48 GMT',
99 silly get     via: '1.1 varnish',
99 silly get     'cache-control': 'max-age=300',
99 silly get     etag: 'W/"58f8871c-ac1b"',
99 silly get     age: '68',
99 silly get     connection: 'keep-alive',
99 silly get     'x-served-by': 'cache-jfk8122-JFK',
99 silly get     'x-cache': 'HIT',
99 silly get     'x-cache-hits': '1',
99 silly get     'x-timer': 'S1493768029.984117,VS0,VE0',
99 silly get     vary: 'Accept-Encoding' } ]
100 verbose etag https://registry.npmjs.org/karma-phantomjs-launcher from cache
101 verbose get saving karma-phantomjs-launcher to C:\Users\Ryan\AppData\Roaming\npm-cache\registry.npmjs.org\karma-phantomjs-launcher\.cache.json
102 verbose correctMkdir C:\Users\Ryan\AppData\Roaming\npm-cache correctMkdir not in flight; initializing
103 silly install normalizeTree
104 silly loadCurrentTree Finishing
105 silly loadIdealTree Starting
106 silly install loadIdealTree
107 silly cloneCurrentTree Starting
108 silly install cloneCurrentTreeToIdealTree
109 silly cloneCurrentTree Finishing
110 silly loadShrinkwrap Starting
111 silly install loadShrinkwrap
112 verbose stack Error: kill ENOSYS
112 verbose stack     at exports._errnoException (util.js:1018:11)
112 verbose stack     at process.kill (internal/process.js:190:13)
112 verbose stack     at process.listener (C:\Program Files\nodejs\node_modules\npm\node_modules\npmlog\node_modules\gauge\node_modules\signal-exit\index.js:86:15)
112 verbose stack     at emitNone (events.js:91:20)
112 verbose stack     at process.emit (events.js:185:7)
112 verbose stack     at processEmit (C:\Program Files\nodejs\node_modules\npm\node_modules\npmlog\node_modules\gauge\node_modules\signal-exit\index.js:146:32)
112 verbose stack     at processEmit (C:\Program Files\nodejs\node_modules\npm\node_modules\npm-registry-client\node_modules\npmlog\node_modules\gauge\node_modules\signal-exit\index.js:146:32)
112 verbose stack     at Signal.wrap.onsignal (internal/process.js:217:44)
113 verbose cwd C:\Users\Ryan\Desktop\appy
114 error Windows_NT 10.0.14393
115 error argv "C:\\Program Files\\nodejs\\node.exe" "C:\\Program Files\\nodejs\\node_modules\\npm\\bin\\npm-cli.js" "install" "karma" "karma-phantomjs-launcher" "karma-jasmine" "jasmine-core" "phantomjs-prebuilt" "--save-dev"
116 error node v6.10.2
117 error npm  v3.10.10
118 error code ENOSYS
119 error errno ENOSYS
120 error syscall kill
121 error kill ENOSYS
122 error If you need help, you may report this error at:
122 error     <https://github.com/npm/npm/issues>
123 verbose exit [ 1, true ]
